2024-04-12T22:54:16.295+09:00  INFO 68100 --- [http-nio-8080-exec-2] DEFAULT_FILE_LOGGER                      : [89b4af40] MemberController.refreshAccessToken(..)
2024-04-12T22:54:16.295+09:00  INFO 68100 --- [http-nio-8080-exec-2] DEFAULT_FILE_LOGGER                      : [89b4af40] |-->AuthService.refreshAccessToken(..)
2024-04-12T22:54:16.509+09:00  INFO 68100 --- [http-nio-8080-exec-2] DEFAULT_FILE_LOGGER                      : [89b4af40] |<--AuthService.refreshAccessToken(..) time=214ms
2024-04-12T22:54:16.509+09:00  INFO 68100 --- [http-nio-8080-exec-2] DEFAULT_FILE_LOGGER                      : [89b4af40] MemberController.refreshAccessToken(..) time=214ms
2024-04-12T22:55:25.471+09:00  INFO 68539 --- [http-nio-8080-exec-3] DEFAULT_FILE_LOGGER                      : [031316c3] MemberController.refreshAccessToken(..)
2024-04-12T22:55:25.471+09:00  INFO 68539 --- [http-nio-8080-exec-3] DEFAULT_FILE_LOGGER                      : [031316c3] |-->AuthService.refreshAccessToken(..)
2024-04-12T22:55:25.691+09:00  INFO 68539 --- [http-nio-8080-exec-3] DEFAULT_FILE_LOGGER                      : [031316c3] |<--AuthService.refreshAccessToken(..) time=220ms
2024-04-12T22:55:25.691+09:00  INFO 68539 --- [http-nio-8080-exec-3] DEFAULT_FILE_LOGGER                      : [031316c3] MemberController.refreshAccessToken(..) time=220ms
2024-04-12T22:55:48.786+09:00  INFO 68685 --- [http-nio-8080-exec-1] DEFAULT_FILE_LOGGER                      : [41966759] MemberController.refreshAccessToken(..)
2024-04-12T22:55:48.787+09:00  INFO 68685 --- [http-nio-8080-exec-1] DEFAULT_FILE_LOGGER                      : [41966759] |-->AuthService.refreshAccessToken(..)
2024-04-12T22:55:49.003+09:00  INFO 68685 --- [http-nio-8080-exec-1] DEFAULT_FILE_LOGGER                      : [41966759] |<--AuthService.refreshAccessToken(..) time=216ms
2024-04-12T22:55:49.004+09:00  INFO 68685 --- [http-nio-8080-exec-1] DEFAULT_FILE_LOGGER                      : [41966759] MemberController.refreshAccessToken(..) time=218ms
2024-04-12T22:57:18.304+09:00  INFO 68685 --- [http-nio-8080-exec-6] DEFAULT_FILE_LOGGER                      : [654d7666] MemberController.refreshAccessToken(..)
2024-04-12T22:57:18.305+09:00  INFO 68685 --- [http-nio-8080-exec-6] DEFAULT_FILE_LOGGER                      : [654d7666] |-->AuthService.refreshAccessToken(..)
2024-04-12T22:57:18.320+09:00  INFO 68685 --- [http-nio-8080-exec-6] DEFAULT_FILE_LOGGER                      : [654d7666] |<--AuthService.refreshAccessToken(..) time=15ms
2024-04-12T22:57:18.321+09:00  INFO 68685 --- [http-nio-8080-exec-6] DEFAULT_FILE_LOGGER                      : [654d7666] MemberController.refreshAccessToken(..) time=17ms
2024-04-12T22:57:18.380+09:00  INFO 68685 --- [http-nio-8080-exec-7] DEFAULT_FILE_LOGGER                      : [d17783a4] BannerAdminController.createBanner(..)
2024-04-12T22:57:18.383+09:00  INFO 68685 --- [http-nio-8080-exec-7] DEFAULT_FILE_LOGGER                      : [d17783a4] |-->BannerServiceImpl.createBanner(..)
2024-04-12T22:57:18.404+09:00  INFO 68685 --- [http-nio-8080-exec-7] DEFAULT_FILE_LOGGER                      : [d17783a4] |<--BannerServiceImpl.createBanner(..) time=21ms
2024-04-12T22:57:18.410+09:00  INFO 68685 --- [http-nio-8080-exec-7] DEFAULT_FILE_LOGGER                      : [d17783a4] BannerAdminController.createBanner(..) time=30ms
2024-04-12T22:57:28.918+09:00  INFO 69292 --- [http-nio-8080-exec-1] DEFAULT_FILE_LOGGER                      : [d748270d] MemberController.refreshAccessToken(..)
2024-04-12T22:57:28.918+09:00  INFO 69292 --- [http-nio-8080-exec-1] DEFAULT_FILE_LOGGER                      : [d748270d] |-->AuthService.refreshAccessToken(..)
2024-04-12T22:57:29.129+09:00  INFO 69292 --- [http-nio-8080-exec-1] DEFAULT_FILE_LOGGER                      : [d748270d] |<--AuthService.refreshAccessToken(..) time=211ms
2024-04-12T22:57:29.130+09:00  INFO 69292 --- [http-nio-8080-exec-1] DEFAULT_FILE_LOGGER                      : [d748270d] MemberController.refreshAccessToken(..) time=212ms
2024-04-12T22:57:29.192+09:00  INFO 69292 --- [http-nio-8080-exec-3] DEFAULT_FILE_LOGGER                      : [ad4becfe] BannerAdminController.createBanner(..)
2024-04-12T22:57:29.194+09:00  INFO 69292 --- [http-nio-8080-exec-3] DEFAULT_FILE_LOGGER                      : [ad4becfe] |-->BannerServiceImpl.createBanner(..)
2024-04-12T22:57:29.217+09:00  INFO 69292 --- [http-nio-8080-exec-3] DEFAULT_FILE_LOGGER                      : [ad4becfe] |<--BannerServiceImpl.createBanner(..) time=23ms
2024-04-12T22:57:29.221+09:00  INFO 69292 --- [http-nio-8080-exec-3] DEFAULT_FILE_LOGGER                      : [ad4becfe] BannerAdminController.createBanner(..) time=29ms
2024-04-12T22:58:57.361+09:00  INFO 69864 --- [http-nio-8080-exec-1] DEFAULT_FILE_LOGGER                      : [64a1de7c] MemberController.refreshAccessToken(..)
2024-04-12T22:58:57.362+09:00  INFO 69864 --- [http-nio-8080-exec-1] DEFAULT_FILE_LOGGER                      : [64a1de7c] |-->AuthService.refreshAccessToken(..)
2024-04-12T22:58:57.583+09:00  INFO 69864 --- [http-nio-8080-exec-1] DEFAULT_FILE_LOGGER                      : [64a1de7c] |<--AuthService.refreshAccessToken(..) time=221ms
2024-04-12T22:58:57.583+09:00  INFO 69864 --- [http-nio-8080-exec-1] DEFAULT_FILE_LOGGER                      : [64a1de7c] MemberController.refreshAccessToken(..) time=222ms
2024-04-12T22:58:57.645+09:00  INFO 69864 --- [http-nio-8080-exec-3] DEFAULT_FILE_LOGGER                      : [d3006832] BannerAdminController.createBanner(..)
2024-04-12T22:58:57.646+09:00  INFO 69864 --- [http-nio-8080-exec-3] DEFAULT_FILE_LOGGER                      : [d3006832] BannerAdminController.createBanner(..) time=0ms ex=com.sideProject.PlanIT.common.response.CustomException: [Field error in object 'bannerRequestDto' on field 'title': rejected value [null]; codes [NotNull.bannerRequestDto.title,NotNull.title,NotNull.java.lang.String,NotNull]; arguments [org.springframework.context.support.DefaultMessageSourceResolvable: codes [bannerRequestDto.title,title]; arguments []; default message [title]]; default message [제목이 없습니다.]]
2024-04-12T22:59:41.163+09:00  INFO 70122 --- [http-nio-8080-exec-1] DEFAULT_FILE_LOGGER                      : [a3541a3c] MemberController.refreshAccessToken(..)
2024-04-12T22:59:41.163+09:00  INFO 70122 --- [http-nio-8080-exec-1] DEFAULT_FILE_LOGGER                      : [a3541a3c] |-->AuthService.refreshAccessToken(..)
2024-04-12T22:59:41.393+09:00  INFO 70122 --- [http-nio-8080-exec-1] DEFAULT_FILE_LOGGER                      : [a3541a3c] |<--AuthService.refreshAccessToken(..) time=230ms
2024-04-12T22:59:41.394+09:00  INFO 70122 --- [http-nio-8080-exec-1] DEFAULT_FILE_LOGGER                      : [a3541a3c] MemberController.refreshAccessToken(..) time=231ms
2024-04-12T22:59:41.440+09:00  INFO 70122 --- [http-nio-8080-exec-3] DEFAULT_FILE_LOGGER                      : [5c93c65e] BannerAdminController.createBanner(..)
2024-04-12T22:59:41.440+09:00  INFO 70122 --- [http-nio-8080-exec-3] DEFAULT_FILE_LOGGER                      : [5c93c65e] BannerAdminController.createBanner(..) time=0ms ex=com.sideProject.PlanIT.common.response.CustomException: [Field error in object 'bannerRequestDto' on field 'startAt': rejected value [2024-04-0]; codes [typeMismatch.bannerRequestDto.startAt,typeMismatch.startAt,typeMismatch.java.time.LocalDate,typeMismatch]; arguments [org.springframework.context.support.DefaultMessageSourceResolvable: codes [bannerRequestDto.startAt,startAt]; arguments []; default message [startAt]]; default message [Failed to convert value of type 'java.lang.String' to required type 'java.time.LocalDate'; Failed to convert from type [java.lang.String] to type [@org.springframework.format.annotation.DateTimeFormat java.time.LocalDate] for value [2024-04-0]]]
2024-04-12T22:59:45.125+09:00  INFO 70122 --- [http-nio-8080-exec-5] DEFAULT_FILE_LOGGER                      : [344df60c] MemberController.refreshAccessToken(..)
2024-04-12T22:59:45.125+09:00  INFO 70122 --- [http-nio-8080-exec-5] DEFAULT_FILE_LOGGER                      : [344df60c] |-->AuthService.refreshAccessToken(..)
2024-04-12T22:59:45.152+09:00  INFO 70122 --- [http-nio-8080-exec-5] DEFAULT_FILE_LOGGER                      : [344df60c] |<--AuthService.refreshAccessToken(..) time=27ms
2024-04-12T22:59:45.153+09:00  INFO 70122 --- [http-nio-8080-exec-5] DEFAULT_FILE_LOGGER                      : [344df60c] MemberController.refreshAccessToken(..) time=28ms
2024-04-12T22:59:45.169+09:00  INFO 70122 --- [http-nio-8080-exec-6] DEFAULT_FILE_LOGGER                      : [172b7b0d] BannerAdminController.createBanner(..)
2024-04-12T22:59:45.169+09:00  INFO 70122 --- [http-nio-8080-exec-6] DEFAULT_FILE_LOGGER                      : [172b7b0d] BannerAdminController.createBanner(..) time=0ms ex=com.sideProject.PlanIT.common.response.CustomException: [Field error in object 'bannerRequestDto' on field 'startAt': rejected value [2024-04-0]; codes [typeMismatch.bannerRequestDto.startAt,typeMismatch.startAt,typeMismatch.java.time.LocalDate,typeMismatch]; arguments [org.springframework.context.support.DefaultMessageSourceResolvable: codes [bannerRequestDto.startAt,startAt]; arguments []; default message [startAt]]; default message [Failed to convert value of type 'java.lang.String' to required type 'java.time.LocalDate'; Failed to convert from type [java.lang.String] to type [@org.springframework.format.annotation.DateTimeFormat java.time.LocalDate] for value [2024-04-0]]]
